{"/Users/oleesir/Downloads/justDoIt/wayfarer-api/server/src/app.js": {"path":"/Users/oleesir/Downloads/justDoIt/wayfarer-api/server/src/app.js","statementMap":{"0":{"start":{"line":1,"column":0},"end":{"line":1,"column":null}},"1":{"start":{"line":4,"column":12},"end":{"line":4,"column":null}},"2":{"start":{"line":5,"column":0},"end":{"line":5,"column":3}},"3":{"start":{"line":6,"column":0},"end":{"line":6,"column":3}},"4":{"start":{"line":9,"column":0},"end":{"line":9,"column":3}},"5":{"start":{"line":9,"column":13},"end":{"line":9,"column":14}},"6":{"start":{"line":12,"column":0},"end":{"line":12,"column":3}},"7":{"start":{"line":12,"column":13},"end":{"line":12,"column":14}},"8":{"start":{"line":17,"column":13},"end":{"line":17,"column":null}},"9":{"start":{"line":19,"column":0},"end":{"line":19,"column":3}},"10":{"start":{"line":21,"column":15},"end":{"line":21,"column":null}}},"fnMap":{"0":{"name":"(anonymous_1)","decl":{"start":{"line":9,"column":13},"end":{"line":9,"column":14}},"loc":{"start":{"line":9,"column":13},"end":{"line":9,"column":14}}},"1":{"name":"(anonymous_2)","decl":{"start":{"line":12,"column":13},"end":{"line":12,"column":14}},"loc":{"start":{"line":12,"column":13},"end":{"line":12,"column":14}}}},"branchMap":{"0":{"loc":{"start":{"line":17,"column":13},"end":{"line":17,"column":33}},"type":"binary-expr","locations":[{"start":{"line":17,"column":13},"end":{"line":17,"column":33}},{"start":{"line":17,"column":33},"end":{"line":17,"column":null}}]}},"s":{"0":1,"1":1,"2":1,"3":1,"4":1,"5":1,"6":1,"7":0,"8":1,"9":1,"10":1},"f":{"0":1,"1":0},"b":{"0":[1,1]}}
}
